2020-08-17 11:33:15,521 [Worker-0: Loading available Gradle versions] INFO  o.e.b.c.i.u.g.PublishedGradleVersions - Gradle version information cache is up-to-date. Trying to read.
2020-08-17 11:33:54,505 [Worker-1: Updating Maven Dependencies] INFO  o.e.m.c.i.l.LifecycleMappingFactory - Using org.eclipse.m2e.jdt.JarLifecycleMapping lifecycle mapping for MavenProject: ExportTestngTestCases:ExportTestngTestCases:0.0.1-SNAPSHOT @ C:\Users\deepi\Desktop\TekArch\GitHub\SFDC\SFDC_Test\pom.xml.
2020-08-17 11:33:54,505 [Worker-16: Building workspace] INFO  o.e.m.c.i.l.LifecycleMappingFactory - Using org.eclipse.m2e.jdt.JarLifecycleMapping lifecycle mapping for MavenProject: ExportTestngTestCases:ExportTestngTestCases:0.0.1-SNAPSHOT @ C:\Users\deepi\Desktop\TekArch\GitHub\SFDC\SFDC_Test\pom.xml.
2020-08-17 11:33:56,416 [Worker-16: Building workspace] WARN  o.e.m.c.i.embedder.EclipseLogger - Using platform encoding (Cp1252 actually) to copy filtered resources, i.e. build is platform dependent!
2020-08-17 11:33:56,420 [Worker-16: Building workspace] INFO  o.e.m.c.i.embedder.EclipseLogger - skip non existing resourceDirectory C:\Users\deepi\Desktop\TekArch\GitHub\SFDC\SFDC_Test\src\main\resources
2020-08-17 11:33:56,424 [Worker-16: Building workspace] WARN  o.e.m.c.i.embedder.EclipseLogger - Using platform encoding (Cp1252 actually) to copy filtered resources, i.e. build is platform dependent!
2020-08-17 11:33:56,427 [Worker-16: Building workspace] INFO  o.e.m.c.i.embedder.EclipseLogger - skip non existing resourceDirectory C:\Users\deepi\Desktop\TekArch\GitHub\SFDC\SFDC_Test\src\test\resources
2020-08-17 11:33:58,955 [Worker-17: Updating Maven Dependencies] INFO  o.e.m.c.i.l.LifecycleMappingFactory - Using org.eclipse.m2e.jdt.JarLifecycleMapping lifecycle mapping for MavenProject: ExportTestngTestCases:ExportTestngTestCases:0.0.1-SNAPSHOT @ C:\Users\deepi\Desktop\TekArch\GitHub\SFDC\SFDC_Test\pom.xml.
2020-08-17 11:33:58,972 [Worker-10: Building workspace] WARN  o.e.m.c.i.embedder.EclipseLogger - Using platform encoding (Cp1252 actually) to copy filtered resources, i.e. build is platform dependent!
2020-08-17 11:33:58,976 [Worker-10: Building workspace] INFO  o.e.m.c.i.embedder.EclipseLogger - skip non existing resourceDirectory C:\Users\deepi\Desktop\TekArch\GitHub\SFDC\SFDC_Test\src\main\resources
2020-08-17 11:33:58,980 [Worker-10: Building workspace] WARN  o.e.m.c.i.embedder.EclipseLogger - Using platform encoding (Cp1252 actually) to copy filtered resources, i.e. build is platform dependent!
2020-08-17 11:33:58,983 [Worker-10: Building workspace] INFO  o.e.m.c.i.embedder.EclipseLogger - skip non existing resourceDirectory C:\Users\deepi\Desktop\TekArch\GitHub\SFDC\SFDC_Test\src\test\resources
2020-08-17 11:34:00,535 [Worker-9: Building workspace] WARN  o.e.m.c.i.embedder.EclipseLogger - Using platform encoding (Cp1252 actually) to copy filtered resources, i.e. build is platform dependent!
2020-08-17 11:34:00,538 [Worker-9: Building workspace] INFO  o.e.m.c.i.embedder.EclipseLogger - skip non existing resourceDirectory C:\Users\deepi\Desktop\TekArch\GitHub\SFDC\SFDC_Test\src\main\resources
2020-08-17 11:34:00,541 [Worker-9: Building workspace] WARN  o.e.m.c.i.embedder.EclipseLogger - Using platform encoding (Cp1252 actually) to copy filtered resources, i.e. build is platform dependent!
2020-08-17 11:34:00,544 [Worker-9: Building workspace] INFO  o.e.m.c.i.embedder.EclipseLogger - skip non existing resourceDirectory C:\Users\deepi\Desktop\TekArch\GitHub\SFDC\SFDC_Test\src\test\resources
2020-08-17 11:35:07,818 [Worker-4: Updating Maven Dependencies] INFO  o.e.m.c.i.l.LifecycleMappingFactory - Using org.eclipse.m2e.jdt.JarLifecycleMapping lifecycle mapping for MavenProject: Zero_Project:Zero_Project:0.0.1-SNAPSHOT @ C:\Users\deepi\Desktop\TekArch\GitHub\Zero_Git_Repo\Zero_Project\pom.xml.
2020-08-17 11:35:07,818 [Worker-1: Building workspace] INFO  o.e.m.c.i.l.LifecycleMappingFactory - Using org.eclipse.m2e.jdt.JarLifecycleMapping lifecycle mapping for MavenProject: Zero_Project:Zero_Project:0.0.1-SNAPSHOT @ C:\Users\deepi\Desktop\TekArch\GitHub\Zero_Git_Repo\Zero_Project\pom.xml.
2020-08-17 11:35:08,423 [Worker-1: Building workspace] WARN  o.e.m.c.i.embedder.EclipseLogger - Using platform encoding (Cp1252 actually) to copy filtered resources, i.e. build is platform dependent!
2020-08-17 11:35:08,425 [Worker-1: Building workspace] INFO  o.e.m.c.i.embedder.EclipseLogger - skip non existing resourceDirectory C:\Users\deepi\Desktop\TekArch\GitHub\Zero_Git_Repo\Zero_Project\src\main\resources
2020-08-17 11:35:08,428 [Worker-1: Building workspace] WARN  o.e.m.c.i.embedder.EclipseLogger - Using platform encoding (Cp1252 actually) to copy filtered resources, i.e. build is platform dependent!
2020-08-17 11:35:08,430 [Worker-1: Building workspace] INFO  o.e.m.c.i.embedder.EclipseLogger - skip non existing resourceDirectory C:\Users\deepi\Desktop\TekArch\GitHub\Zero_Git_Repo\Zero_Project\src\test\resources
2020-08-17 11:35:10,338 [Worker-14: Updating Maven Dependencies] INFO  o.e.m.c.i.l.LifecycleMappingFactory - Using org.eclipse.m2e.jdt.JarLifecycleMapping lifecycle mapping for MavenProject: Zero_Project:Zero_Project:0.0.1-SNAPSHOT @ C:\Users\deepi\Desktop\TekArch\GitHub\Zero_Git_Repo\Zero_Project\pom.xml.
2020-08-17 11:35:10,546 [Worker-4: Building workspace] WARN  o.e.m.c.i.embedder.EclipseLogger - Using platform encoding (Cp1252 actually) to copy filtered resources, i.e. build is platform dependent!
2020-08-17 11:35:10,549 [Worker-4: Building workspace] INFO  o.e.m.c.i.embedder.EclipseLogger - skip non existing resourceDirectory C:\Users\deepi\Desktop\TekArch\GitHub\Zero_Git_Repo\Zero_Project\src\main\resources
2020-08-17 11:35:10,551 [Worker-4: Building workspace] WARN  o.e.m.c.i.embedder.EclipseLogger - Using platform encoding (Cp1252 actually) to copy filtered resources, i.e. build is platform dependent!
2020-08-17 11:35:10,554 [Worker-4: Building workspace] INFO  o.e.m.c.i.embedder.EclipseLogger - skip non existing resourceDirectory C:\Users\deepi\Desktop\TekArch\GitHub\Zero_Git_Repo\Zero_Project\src\test\resources
2020-08-17 11:35:12,018 [Worker-17: Building workspace] WARN  o.e.m.c.i.embedder.EclipseLogger - Using platform encoding (Cp1252 actually) to copy filtered resources, i.e. build is platform dependent!
2020-08-17 11:35:12,021 [Worker-17: Building workspace] INFO  o.e.m.c.i.embedder.EclipseLogger - skip non existing resourceDirectory C:\Users\deepi\Desktop\TekArch\GitHub\Zero_Git_Repo\Zero_Project\src\main\resources
2020-08-17 11:35:12,023 [Worker-17: Building workspace] WARN  o.e.m.c.i.embedder.EclipseLogger - Using platform encoding (Cp1252 actually) to copy filtered resources, i.e. build is platform dependent!
2020-08-17 11:35:12,026 [Worker-17: Building workspace] INFO  o.e.m.c.i.embedder.EclipseLogger - skip non existing resourceDirectory C:\Users\deepi\Desktop\TekArch\GitHub\Zero_Git_Repo\Zero_Project\src\test\resources
